<?xml version="1.0" encoding="UTF-8"?>
<!-- Generated by org.testng.reporters.JUnitReportReporter -->
<testsuite hostname="hasinthaindrajee" name="org.wso2.carbon.identity.saml.inbound.GreeterTest" tests="1" failures="0" timestamp="8 Feb 2017 11:54:42 GMT" time="0.006" errors="0">
  <testcase name="shouldAnswerWithTrue" time="0.006" classname="org.wso2.carbon.identity.saml.inbound.GreeterTest"/>
</testsuite> <!-- org.wso2.carbon.identity.saml.inbound.GreeterTest -->
